{"level":"info","message":"Hello from Acquisitions!","service":"acquisition-api"}
{"level":"info","message":"::1 - - [20/Oct/2025:04:52:33 +0000] \"GET / HTTP/1.1\" 304 - \"-\" \"Mozilla/5.0 (Macintosh; Intel Mac OS X 10_15_7) AppleWebKit/537.36 (KHTML, like Gecko) Chrome/141.0.0.0 Safari/537.36\"","service":"acquisition-api"}
{"level":"info","message":"Hello from Acquisitions!","service":"acquisition-api"}
{"level":"info","message":"::1 - - [20/Oct/2025:04:52:33 +0000] \"GET / HTTP/1.1\" 304 - \"-\" \"Mozilla/5.0 (Macintosh; Intel Mac OS X 10_15_7) AppleWebKit/537.36 (KHTML, like Gecko) Chrome/141.0.0.0 Safari/537.36\"","service":"acquisition-api"}
{"level":"info","message":"Hello from Acquisitions!","service":"acquisition-api"}
{"level":"info","message":"::1 - - [20/Oct/2025:05:16:57 +0000] \"GET / HTTP/1.1\" 200 24 \"-\" \"PostmanRuntime/7.45.0\"","service":"acquisition-api"}
{"level":"info","message":"::1 - - [20/Oct/2025:05:17:39 +0000] \"GET /api HTTP/1.1\" 200 42 \"-\" \"PostmanRuntime/7.45.0\"","service":"acquisition-api"}
{"level":"info","message":"::1 - - [20/Oct/2025:05:18:02 +0000] \"GET /health HTTP/1.1\" 200 76 \"-\" \"PostmanRuntime/7.45.0\"","service":"acquisition-api"}
{"level":"info","message":"::1 - - [20/Oct/2025:05:18:50 +0000] \"POST /api/auth/sign-in HTTP/1.1\" 200 31 \"-\" \"PostmanRuntime/7.45.0\"","service":"acquisition-api"}
{"level":"info","message":"Hello from Acquisitions!","service":"acquisition-api"}
{"level":"info","message":"::1 - - [21/Oct/2025:05:01:31 +0000] \"GET / HTTP/1.1\" 304 - \"-\" \"Mozilla/5.0 (Macintosh; Intel Mac OS X 10_15_7) AppleWebKit/537.36 (KHTML, like Gecko) Chrome/141.0.0.0 Safari/537.36\"","service":"acquisition-api"}
{"level":"info","message":"::1 - - [21/Oct/2025:05:01:31 +0000] \"GET /favicon.ico HTTP/1.1\" 404 150 \"-\" \"Mozilla/5.0 (Macintosh; Intel Mac OS X 10_15_7) AppleWebKit/537.36 (KHTML, like Gecko) Chrome/141.0.0.0 Safari/537.36\"","service":"acquisition-api"}
{"level":"info","message":"::1 - - [21/Oct/2025:05:07:27 +0000] \"POST /api/auth/sign-up HTTP/1.1\" 200 31 \"-\" \"PostmanRuntime/7.49.0\"","service":"acquisition-api"}
{"level":"info","message":"::1 - - [21/Oct/2025:05:12:18 +0000] \"POST /api/auth/sign-up HTTP/1.1\" 400 92 \"-\" \"PostmanRuntime/7.49.0\"","service":"acquisition-api"}
{"level":"info","message":"::1 - - [21/Oct/2025:05:12:19 +0000] \"POST /api/auth/sign-up HTTP/1.1\" 400 92 \"-\" \"PostmanRuntime/7.49.0\"","service":"acquisition-api"}
{"level":"info","message":"::1 - - [21/Oct/2025:05:14:20 +0000] \"POST /api/auth/sign-up HTTP/1.1\" 400 92 \"-\" \"PostmanRuntime/7.49.0\"","service":"acquisition-api"}
{"level":"info","message":"::1 - - [21/Oct/2025:05:14:43 +0000] \"POST /api/auth/sign-up HTTP/1.1\" 400 92 \"-\" \"PostmanRuntime/7.49.0\"","service":"acquisition-api"}
{"level":"info","message":"::1 - - [21/Oct/2025:05:15:15 +0000] \"POST /api/auth/sign-up HTTP/1.1\" 400 92 \"-\" \"PostmanRuntime/7.49.0\"","service":"acquisition-api"}
{"level":"info","message":"::1 - - [21/Oct/2025:05:15:16 +0000] \"POST /api/auth/sign-up HTTP/1.1\" 400 92 \"-\" \"PostmanRuntime/7.49.0\"","service":"acquisition-api"}
{"level":"info","message":"::1 - - [21/Oct/2025:05:15:52 +0000] \"POST /api/auth/sign-up HTTP/1.1\" 400 92 \"-\" \"PostmanRuntime/7.49.0\"","service":"acquisition-api"}
{"level":"info","message":"::1 - - [21/Oct/2025:05:16:08 +0000] \"POST /api/auth/sign-up HTTP/1.1\" 400 144 \"-\" \"PostmanRuntime/7.49.0\"","service":"acquisition-api"}
{"level":"info","message":"::1 - - [21/Oct/2025:05:16:55 +0000] \"POST /api/auth/sign-up HTTP/1.1\" 400 92 \"-\" \"PostmanRuntime/7.49.0\"","service":"acquisition-api"}
{"level":"info","message":"::1 - - [21/Oct/2025:05:17:02 +0000] \"POST /api/auth/sign-up HTTP/1.1\" 400 92 \"-\" \"PostmanRuntime/7.49.0\"","service":"acquisition-api"}
{"level":"info","message":"::1 - - [21/Oct/2025:05:17:20 +0000] \"POST /api/auth/sign-up HTTP/1.1\" 400 92 \"-\" \"PostmanRuntime/7.49.0\"","service":"acquisition-api"}
{"level":"info","message":"::1 - - [21/Oct/2025:05:17:24 +0000] \"POST /api/auth/sign-up HTTP/1.1\" 400 92 \"-\" \"PostmanRuntime/7.49.0\"","service":"acquisition-api"}
{"level":"info","message":"::1 - - [21/Oct/2025:05:17:25 +0000] \"POST /api/auth/sign-up HTTP/1.1\" 400 92 \"-\" \"PostmanRuntime/7.49.0\"","service":"acquisition-api"}
{"level":"info","message":"::1 - - [21/Oct/2025:05:17:28 +0000] \"POST /api/auth/sign-up HTTP/1.1\" 400 92 \"-\" \"PostmanRuntime/7.49.0\"","service":"acquisition-api"}
{"level":"info","message":"::1 - - [21/Oct/2025:05:17:29 +0000] \"POST /api/auth/sign-up HTTP/1.1\" 400 92 \"-\" \"PostmanRuntime/7.49.0\"","service":"acquisition-api"}
{"level":"info","message":"::1 - - [21/Oct/2025:05:17:34 +0000] \"POST /api/auth/sign-up HTTP/1.1\" 400 144 \"-\" \"PostmanRuntime/7.49.0\"","service":"acquisition-api"}
{"level":"info","message":"::1 - - [21/Oct/2025:05:17:37 +0000] \"POST /api/auth/sign-up HTTP/1.1\" 400 92 \"-\" \"PostmanRuntime/7.49.0\"","service":"acquisition-api"}
{"level":"info","message":"::1 - - [21/Oct/2025:05:17:41 +0000] \"POST /api/auth/sign-up HTTP/1.1\" 400 92 \"-\" \"PostmanRuntime/7.49.0\"","service":"acquisition-api"}
{"level":"info","message":"::1 - - [21/Oct/2025:05:17:44 +0000] \"POST /api/auth/sign-up HTTP/1.1\" 400 92 \"-\" \"PostmanRuntime/7.49.0\"","service":"acquisition-api"}
{"level":"info","message":"::1 - - [21/Oct/2025:05:20:01 +0000] \"POST /api/auth/sign-up HTTP/1.1\" 400 91 \"-\" \"PostmanRuntime/7.49.0\"","service":"acquisition-api"}
{"level":"info","message":"User Registration Successful: contact@gmail.com","service":"acquisition-api"}
{"level":"info","message":"::1 - - [21/Oct/2025:05:20:08 +0000] \"POST /api/auth/sign-up HTTP/1.1\" 201 116 \"-\" \"PostmanRuntime/7.49.0\"","service":"acquisition-api"}
{"level":"info","message":"::1 - - [21/Oct/2025:05:54:16 +0000] \"POST /api/auth/sign-up HTTP/1.1\" 400 196 \"-\" \"PostmanRuntime/7.49.0\"","service":"acquisition-api"}
{"level":"error","message":"Error Creating the user: TypeError: Cannot convert undefined or null to object","service":"acquisition-api"}
{"level":"error","message":"Signup Error: Cannot convert undefined or null to object","service":"acquisition-api","stack":"TypeError: Cannot convert undefined or null to object\n    at Object.entries (<anonymous>)\n    at orderSelectedFields (file:///Users/adarsh/Desktop/Dev/React/acquisitions/node_modules/drizzle-orm/utils.js:53:17)\n    at file:///Users/adarsh/Desktop/Dev/React/acquisitions/node_modules/drizzle-orm/utils.js:63:22\n    at Array.reduce (<anonymous>)\n    at orderSelectedFields (file:///Users/adarsh/Desktop/Dev/React/acquisitions/node_modules/drizzle-orm/utils.js:53:33)\n    at QueryPromise.returning (file:///Users/adarsh/Desktop/Dev/React/acquisitions/node_modules/drizzle-orm/pg-core/query-builders/insert.js:75:29)\n    at createUser (file:///Users/adarsh/Desktop/Dev/React/acquisitions/src/services/auth.service.js:25:8)\n    at async signup (file:///Users/adarsh/Desktop/Dev/React/acquisitions/src/controller/auth.controller.js:20:19)"}
{"level":"info","message":"::1 - - [21/Oct/2025:05:55:12 +0000] \"POST /api/auth/sign-up HTTP/1.1\" 500 1075 \"-\" \"PostmanRuntime/7.49.0\"","service":"acquisition-api"}
{"level":"info","message":"::1 - - [21/Oct/2025:05:55:37 +0000] \"POST /api/auth/sign-up HTTP/1.1\" 400 92 \"-\" \"PostmanRuntime/7.49.0\"","service":"acquisition-api"}
{"level":"info","message":"::1 - - [21/Oct/2025:05:57:22 +0000] \"POST /api/auth/sign-up HTTP/1.1\" 400 92 \"-\" \"PostmanRuntime/7.49.0\"","service":"acquisition-api"}
{"level":"error","message":"Error Creating the user: TypeError: Cannot convert undefined or null to object","service":"acquisition-api"}
{"level":"error","message":"Signup Error: Cannot convert undefined or null to object","service":"acquisition-api","stack":"TypeError: Cannot convert undefined or null to object\n    at Object.entries (<anonymous>)\n    at orderSelectedFields (file:///Users/adarsh/Desktop/Dev/React/acquisitions/node_modules/drizzle-orm/utils.js:53:17)\n    at file:///Users/adarsh/Desktop/Dev/React/acquisitions/node_modules/drizzle-orm/utils.js:63:22\n    at Array.reduce (<anonymous>)\n    at orderSelectedFields (file:///Users/adarsh/Desktop/Dev/React/acquisitions/node_modules/drizzle-orm/utils.js:53:33)\n    at QueryPromise.returning (file:///Users/adarsh/Desktop/Dev/React/acquisitions/node_modules/drizzle-orm/pg-core/query-builders/insert.js:75:29)\n    at createUser (file:///Users/adarsh/Desktop/Dev/React/acquisitions/src/services/auth.service.js:25:8)\n    at async signup (file:///Users/adarsh/Desktop/Dev/React/acquisitions/src/controller/auth.controller.js:20:19)"}
{"level":"info","message":"::1 - - [21/Oct/2025:05:57:48 +0000] \"POST /api/auth/sign-up HTTP/1.1\" 500 1075 \"-\" \"PostmanRuntime/7.49.0\"","service":"acquisition-api"}
{"level":"info","message":"::1 - - [21/Oct/2025:05:58:00 +0000] \"POST /api/auth/sign-up HTTP/1.1\" 400 92 \"-\" \"PostmanRuntime/7.49.0\"","service":"acquisition-api"}
{"level":"info","message":"::1 - - [21/Oct/2025:05:58:17 +0000] \"POST /api/auth/sign-up HTTP/1.1\" 400 92 \"-\" \"PostmanRuntime/7.49.0\"","service":"acquisition-api"}
{"level":"error","message":"Error Creating the user: TypeError: Cannot convert undefined or null to object","service":"acquisition-api"}
{"level":"error","message":"Signup Error: Cannot convert undefined or null to object","service":"acquisition-api","stack":"TypeError: Cannot convert undefined or null to object\n    at Object.entries (<anonymous>)\n    at orderSelectedFields (file:///Users/adarsh/Desktop/Dev/React/acquisitions/node_modules/drizzle-orm/utils.js:53:17)\n    at file:///Users/adarsh/Desktop/Dev/React/acquisitions/node_modules/drizzle-orm/utils.js:63:22\n    at Array.reduce (<anonymous>)\n    at orderSelectedFields (file:///Users/adarsh/Desktop/Dev/React/acquisitions/node_modules/drizzle-orm/utils.js:53:33)\n    at QueryPromise.returning (file:///Users/adarsh/Desktop/Dev/React/acquisitions/node_modules/drizzle-orm/pg-core/query-builders/insert.js:75:29)\n    at createUser (file:///Users/adarsh/Desktop/Dev/React/acquisitions/src/services/auth.service.js:25:8)\n    at async signup (file:///Users/adarsh/Desktop/Dev/React/acquisitions/src/controller/auth.controller.js:20:19)"}
{"level":"info","message":"::1 - - [21/Oct/2025:05:58:25 +0000] \"POST /api/auth/sign-up HTTP/1.1\" 500 1075 \"-\" \"PostmanRuntime/7.49.0\"","service":"acquisition-api"}
{"level":"info","message":"::1 - - [21/Oct/2025:05:58:49 +0000] \"POST /api/auth/sign-up HTTP/1.1\" 400 92 \"-\" \"PostmanRuntime/7.49.0\"","service":"acquisition-api"}
{"level":"info","message":"::1 - - [21/Oct/2025:05:59:00 +0000] \"POST /api/auth/sign-up HTTP/1.1\" 400 92 \"-\" \"PostmanRuntime/7.49.0\"","service":"acquisition-api"}
{"level":"info","message":"::1 - - [21/Oct/2025:05:59:48 +0000] \"POST /api/auth/sign-up HTTP/1.1\" 400 92 \"-\" \"PostmanRuntime/7.49.0\"","service":"acquisition-api"}
{"level":"info","message":"::1 - - [21/Oct/2025:06:00:40 +0000] \"POST /api/auth/sign-up HTTP/1.1\" 400 92 \"-\" \"PostmanRuntime/7.49.0\"","service":"acquisition-api"}
{"level":"info","message":"::1 - - [21/Oct/2025:06:05:18 +0000] \"POST /api/auth/sign-up HTTP/1.1\" 400 92 \"-\" \"PostmanRuntime/7.49.0\"","service":"acquisition-api"}
{"level":"info","message":"::1 - - [21/Oct/2025:06:13:55 +0000] \"POST /api/auth/sign-up HTTP/1.1\" 400 92 \"-\" \"PostmanRuntime/7.49.0\"","service":"acquisition-api"}
{"level":"info","message":"::1 - - [21/Oct/2025:06:21:19 +0000] \"POST /api/auth/sign-up HTTP/1.1\" 400 92 \"-\" \"PostmanRuntime/7.49.0\"","service":"acquisition-api"}
{"level":"info","message":"::1 - - [21/Oct/2025:06:21:20 +0000] \"POST /api/auth/sign-up HTTP/1.1\" 400 92 \"-\" \"PostmanRuntime/7.49.0\"","service":"acquisition-api"}
{"level":"info","message":"::1 - - [21/Oct/2025:06:21:21 +0000] \"POST /api/auth/sign-up HTTP/1.1\" 400 92 \"-\" \"PostmanRuntime/7.49.0\"","service":"acquisition-api"}
{"level":"info","message":"::1 - - [21/Oct/2025:06:21:22 +0000] \"POST /api/auth/sign-up HTTP/1.1\" 400 92 \"-\" \"PostmanRuntime/7.49.0\"","service":"acquisition-api"}
{"level":"info","message":"User contact@gmail.com Created Successfully","service":"acquisition-api"}
{"level":"info","message":"User Registration Successful: contact@gmail.com","service":"acquisition-api"}
{"level":"info","message":"::1 - - [21/Oct/2025:06:21:28 +0000] \"POST /api/auth/sign-up HTTP/1.1\" 201 116 \"-\" \"PostmanRuntime/7.49.0\"","service":"acquisition-api"}
{"level":"info","message":"User admin@gmail.com Created Successfully","service":"acquisition-api"}
{"level":"info","message":"User Registration Successful: admin@gmail.com","service":"acquisition-api"}
{"level":"info","message":"::1 - - [21/Oct/2025:06:21:53 +0000] \"POST /api/auth/sign-up HTTP/1.1\" 201 114 \"-\" \"PostmanRuntime/7.49.0\"","service":"acquisition-api"}
{"level":"info","message":"Hello from Acquisitions!","service":"acquisition-api"}
{"level":"info","message":"::1 - - [22/Oct/2025:06:00:05 +0000] \"GET / HTTP/1.1\" 304 - \"-\" \"Mozilla/5.0 (Macintosh; Intel Mac OS X 10_15_7) AppleWebKit/537.36 (KHTML, like Gecko) Chrome/141.0.0.0 Safari/537.36\"","service":"acquisition-api"}
{"level":"info","message":"::1 - - [22/Oct/2025:06:00:05 +0000] \"GET /favicon.ico HTTP/1.1\" 404 150 \"-\" \"Mozilla/5.0 (Macintosh; Intel Mac OS X 10_15_7) AppleWebKit/537.36 (KHTML, like Gecko) Chrome/141.0.0.0 Safari/537.36\"","service":"acquisition-api"}
{"level":"error","message":"Error Creating the user: Error: Failed query: select \"id\", \"name\", \"email\", \"password\", \"role\", \"createdAt\", \"updatedAt\" from \"users\" where \"users\".\"email\" = $1 limit $2\nparams: admin@gmail.com,1","service":"acquisition-api"}
{"cause":{"name":"NeonDbError","sourceError":{}},"level":"error","message":"Signup Error: Failed query: select \"id\", \"name\", \"email\", \"password\", \"role\", \"createdAt\", \"updatedAt\" from \"users\" where \"users\".\"email\" = $1 limit $2\nparams: admin@gmail.com,1","params":["admin@gmail.com",1],"query":"select \"id\", \"name\", \"email\", \"password\", \"role\", \"createdAt\", \"updatedAt\" from \"users\" where \"users\".\"email\" = $1 limit $2","service":"acquisition-api","stack":"Error: Failed query: select \"id\", \"name\", \"email\", \"password\", \"role\", \"createdAt\", \"updatedAt\" from \"users\" where \"users\".\"email\" = $1 limit $2\nparams: admin@gmail.com,1\n    at NeonHttpPreparedQuery.queryWithCache (file:///Users/adarsh/Desktop/Dev/React/acquisitions/node_modules/drizzle-orm/pg-core/session.js:41:15)\n    at process.processTicksAndRejections (node:internal/process/task_queues:105:5)\n    at async NeonHttpPreparedQuery.execute (file:///Users/adarsh/Desktop/Dev/React/acquisitions/node_modules/drizzle-orm/neon-http/session.js:45:20)\n    at async createUser (file:///Users/adarsh/Desktop/Dev/React/acquisitions/src/services/auth.service.js:18:26)\n    at async signup (file:///Users/adarsh/Desktop/Dev/React/acquisitions/src/controller/auth.controller.js:20:19)"}
{"level":"info","message":"::ffff:127.0.0.1 - - [22/Oct/2025:06:00:17 +0000] \"POST /api/auth/sign-up HTTP/1.1\" 500 1072 \"-\" \"PostmanRuntime/7.49.0\"","service":"acquisition-api"}
{"level":"error","message":"Error Creating the user: Error: User with this email already exists","service":"acquisition-api"}
{"level":"error","message":"Signup Error: User with this email already exists","service":"acquisition-api","stack":"Error: User with this email already exists\n    at createUser (file:///Users/adarsh/Desktop/Dev/React/acquisitions/src/services/auth.service.js:19:39)\n    at process.processTicksAndRejections (node:internal/process/task_queues:105:5)\n    at async signup (file:///Users/adarsh/Desktop/Dev/React/acquisitions/src/controller/auth.controller.js:20:19)"}
{"level":"info","message":"::ffff:127.0.0.1 - - [22/Oct/2025:06:47:42 +0000] \"POST /api/auth/sign-up HTTP/1.1\" 409 32 \"-\" \"PostmanRuntime/7.49.0\"","service":"acquisition-api"}
{"level":"info","message":"User admin@gmail.com authenticated successfully","service":"acquisition-api"}
{"level":"info","message":"User Login Successful: admin@gmail.com","service":"acquisition-api"}
{"level":"info","message":"::1 - - [23/Oct/2025:05:29:29 +0000] \"POST /api/auth/sign-in HTTP/1.1\" 200 107 \"-\" \"PostmanRuntime/7.49.0\"","service":"acquisition-api"}
{"level":"info","message":"User Logout Successful","service":"acquisition-api"}
{"level":"info","message":"::1 - - [23/Oct/2025:05:30:47 +0000] \"POST /api/auth/sign-out HTTP/1.1\" 200 36 \"-\" \"PostmanRuntime/7.49.0\"","service":"acquisition-api"}
